# JRE version: Java(TM) SE Runtime Environment (8.0_212-b10) (build 1.8.0_212-b10)
# Java VM: Java HotSpot(TM) 64-Bit Server VM (25.212-b10 mixed mode linux-amd64 compressed oops)
Heap:
 PSYoungGen      total 916480K, used 126132K [0x000000076d100000, 0x00000007bfb80000, 0x00000007c0000000)
  eden space 474112K, 0% used [0x000000076d100000,0x000000076d100000,0x000000078a000000)
  from space 442368K, 28% used [0x000000078a000000,0x0000000791b2d1e0,0x00000007a5000000)
  to   space 416256K, 0% used [0x00000007a6500000,0x00000007a6500000,0x00000007bfb80000)
 ParOldGen       total 1168384K, used 1168128K [0x00000006c7200000, 0x000000070e700000, 0x000000076d100000)
  object space 1168384K, 99% used [0x00000006c7200000,0x000000070e6c00b8,0x000000070e700000)
 Metaspace       used 25171K, capacity 25878K, committed 26112K, reserved 1073152K
  class space    used 3032K, capacity 3254K, committed 3328K, reserved 1048576K
GC Heap History (10 events):
Event: 12.786 GC heap after
Heap after GC invocations=15 (full 4):
 PSYoungGen      total 707072K, used 89647K [0x000000076d100000, 0x00000007aeb80000, 0x00000007c0000000)
  eden space 428544K, 0% used [0x000000076d100000,0x000000076d100000,0x0000000787380000)
  from space 278528K, 32% used [0x0000000787380000,0x000000078cb0bce8,0x0000000798380000)
  to   space 275968K, 0% used [0x000000079de00000,0x000000079de00000,0x00000007aeb80000)
 ParOldGen       total 1065984K, used 611007K [0x00000006c7200000, 0x0000000708300000, 0x000000076d100000)
  object space 1065984K, 57% used [0x00000006c7200000,0x00000006ec6afd28,0x0000000708300000)
 Metaspace       used 25167K, capacity 25872K, committed 26112K, reserved 1073152K
  class space    used 3032K, capacity 3253K, committed 3328K, reserved 1048576K
}
Event: 13.224 GC heap before
{Heap before GC invocations=16 (full 4):
 PSYoungGen      total 707072K, used 518191K [0x000000076d100000, 0x00000007aeb80000, 0x00000007c0000000)
  eden space 428544K, 100% used [0x000000076d100000,0x0000000787380000,0x0000000787380000)
  from space 278528K, 32% used [0x0000000787380000,0x000000078cb0bce8,0x0000000798380000)
  to   space 275968K, 0% used [0x000000079de00000,0x000000079de00000,0x00000007aeb80000)
 ParOldGen       total 1065984K, used 611007K [0x00000006c7200000, 0x0000000708300000, 0x000000076d100000)
  object space 1065984K, 57% used [0x00000006c7200000,0x00000006ec6afd28,0x0000000708300000)
 Metaspace       used 25167K, capacity 25872K, committed 26112K, reserved 1073152K
  class space    used 3032K, capacity 3253K, committed 3328K, reserved 1048576K
Event: 13.660 GC heap after
Heap after GC invocations=16 (full 4):
 PSYoungGen      total 765440K, used 238660K [0x000000076d100000, 0x00000007b2b80000, 0x00000007c0000000)
  eden space 489472K, 0% used [0x000000076d100000,0x000000076d100000,0x000000078af00000)
  from space 275968K, 86% used [0x000000079de00000,0x00000007ac711310,0x00000007aeb80000)
  to   space 310272K, 0% used [0x000000078af00000,0x000000078af00000,0x000000079de00000)
 ParOldGen       total 1065984K, used 611007K [0x00000006c7200000, 0x0000000708300000, 0x000000076d100000)
  object space 1065984K, 57% used [0x00000006c7200000,0x00000006ec6afd28,0x0000000708300000)
 Metaspace       used 25167K, capacity 25872K, committed 26112K, reserved 1073152K
  class space    used 3032K, capacity 3253K, committed 3328K, reserved 1048576K
}
Event: 14.017 GC heap before
{Heap before GC invocations=17 (full 4):
 PSYoungGen      total 765440K, used 728132K [0x000000076d100000, 0x00000007b2b80000, 0x00000007c0000000)
  eden space 489472K, 100% used [0x000000076d100000,0x000000078af00000,0x000000078af00000)
  from space 275968K, 86% used [0x000000079de00000,0x00000007ac711310,0x00000007aeb80000)
  to   space 310272K, 0% used [0x000000078af00000,0x000000078af00000,0x000000079de00000)
 ParOldGen       total 1065984K, used 611007K [0x00000006c7200000, 0x0000000708300000, 0x000000076d100000)
  object space 1065984K, 57% used [0x00000006c7200000,0x00000006ec6afd28,0x0000000708300000)
 Metaspace       used 25167K, capacity 25872K, committed 26112K, reserved 1073152K
  class space    used 3032K, capacity 3253K, committed 3328K, reserved 1048576K
Event: 14.848 GC heap after
Heap after GC invocations=17 (full 4):
 PSYoungGen      total 799744K, used 310244K [0x000000076d100000, 0x00000007c0000000, 0x00000007c0000000)
  eden space 489472K, 0% used [0x000000076d100000,0x000000076d100000,0x000000078af00000)
  from space 310272K, 99% used [0x000000078af00000,0x000000079ddf9310,0x000000079de00000)
  to   space 394752K, 0% used [0x00000007a7e80000,0x00000007a7e80000,0x00000007c0000000)
 ParOldGen       total 1065984K, used 694975K [0x00000006c7200000, 0x0000000708300000, 0x000000076d100000)
  object space 1065984K, 65% used [0x00000006c7200000,0x00000006f18afd28,0x0000000708300000)
 Metaspace       used 25167K, capacity 25872K, committed 26112K, reserved 1073152K
  class space    used 3032K, capacity 3253K, committed 3328K, reserved 1048576K
}
Event: 15.283 GC heap before
{Heap before GC invocations=18 (full 4):
 PSYoungGen      total 799744K, used 799716K [0x000000076d100000, 0x00000007c0000000, 0x00000007c0000000)
  eden space 489472K, 100% used [0x000000076d100000,0x000000078af00000,0x000000078af00000)
  from space 310272K, 99% used [0x000000078af00000,0x000000079ddf9310,0x000000079de00000)
  to   space 394752K, 0% used [0x00000007a7e80000,0x00000007a7e80000,0x00000007c0000000)
 ParOldGen       total 1065984K, used 694975K [0x00000006c7200000, 0x0000000708300000, 0x000000076d100000)
  object space 1065984K, 65% used [0x00000006c7200000,0x00000006f18afd28,0x0000000708300000)
 Metaspace       used 25169K, capacity 25878K, committed 26112K, reserved 1073152K
  class space    used 3032K, capacity 3254K, committed 3328K, reserved 1048576K
Event: 17.242 GC heap after
Heap after GC invocations=18 (full 4):
 PSYoungGen      total 868864K, used 338647K [0x000000076d100000, 0x00000007c0000000, 0x00000007c0000000)
  eden space 474112K, 0% used [0x000000076d100000,0x000000076d100000,0x000000078a000000)
  from space 394752K, 85% used [0x00000007a7e80000,0x00000007bc935c80,0x00000007c0000000)
  to   space 442368K, 0% used [0x000000078a000000,0x000000078a000000,0x00000007a5000000)
 ParOldGen       total 1065984K, used 826039K [0x00000006c7200000, 0x0000000708300000, 0x000000076d100000)
  object space 1065984K, 77% used [0x00000006c7200000,0x00000006f98add28,0x0000000708300000)
 Metaspace       used 25169K, capacity 25878K, committed 26112K, reserved 1073152K
  class space    used 3032K, capacity 3254K, committed 3328K, reserved 1048576K
}
Event: 17.578 GC heap before
{Heap before GC invocations=19 (full 4):
 PSYoungGen      total 868864K, used 812759K [0x000000076d100000, 0x00000007c0000000, 0x00000007c0000000)
  eden space 474112K, 100% used [0x000000076d100000,0x000000078a000000,0x000000078a000000)
  from space 394752K, 85% used [0x00000007a7e80000,0x00000007bc935c80,0x00000007c0000000)
  to   space 442368K, 0% used [0x000000078a000000,0x000000078a000000,0x00000007a5000000)
 ParOldGen       total 1065984K, used 826039K [0x00000006c7200000, 0x0000000708300000, 0x000000076d100000)
  object space 1065984K, 77% used [0x00000006c7200000,0x00000006f98add28,0x0000000708300000)
 Metaspace       used 25171K, capacity 25878K, committed 26112K, reserved 1073152K
  class space    used 3032K, capacity 3254K, committed 3328K, reserved 1048576K
Event: 19.267 GC heap after
Heap after GC invocations=19 (full 4):
 PSYoungGen      total 916480K, used 147904K [0x000000076d100000, 0x00000007bfb80000, 0x00000007c0000000)
  eden space 474112K, 0% used [0x000000076d100000,0x000000076d100000,0x000000078a000000)
  from space 442368K, 33% used [0x000000078a000000,0x0000000793070020,0x00000007a5000000)
  to   space 416256K, 0% used [0x00000007a6500000,0x00000007a6500000,0x00000007bfb80000)
 ParOldGen       total 1168384K, used 1165334K [0x00000006c7200000, 0x000000070e700000, 0x000000076d100000)
  object space 1168384K, 99% used [0x00000006c7200000,0x000000070e405988,0x000000070e700000)
 Metaspace       used 25171K, capacity 25878K, committed 26112K, reserved 1073152K
  class space    used 3032K, capacity 3254K, committed 3328K, reserved 1048576K
}
Event: 19.267 GC heap before
{Heap before GC invocations=20 (full 5):
 PSYoungGen      total 916480K, used 147904K [0x000000076d100000, 0x00000007bfb80000, 0x00000007c0000000)
  eden space 474112K, 0% used [0x000000076d100000,0x000000076d100000,0x000000078a000000)
  from space 442368K, 33% used [0x000000078a000000,0x0000000793070020,0x00000007a5000000)
  to   space 416256K, 0% used [0x00000007a6500000,0x00000007a6500000,0x00000007bfb80000)
 ParOldGen       total 1168384K, used 1165334K [0x00000006c7200000, 0x000000070e700000, 0x000000076d100000)
  object space 1168384K, 99% used [0x00000006c7200000,0x000000070e405988,0x000000070e700000)
 Metaspace       used 25171K, capacity 25878K, committed 26112K, reserved 1073152K
  class space    used 3032K, capacity 3254K, committed 3328K, reserved 1048576K

